<?xml version="1.0" encoding="UTF-8"?>
<testng-results ignored="0" total="3" passed="3" failed="0" skipped="0">
  <reporter-output>
  </reporter-output>
  <suite started-at="2021-06-02T12:36:12 IST" name="Suite" finished-at="2021-06-02T12:38:16 IST" duration-ms="124005">
    <groups>
    </groups>
    <test started-at="2021-06-02T12:36:12 IST" name="Test" finished-at="2021-06-02T12:38:16 IST" duration-ms="124005">
      <class name="com.excel.compare.ComparExcel">
        <test-method is-config="true" signature="before()[pri:0, instance:com.excel.compare.ComparExcel@5403f35f]" started-at="2021-06-02T12:36:12 IST" name="before" finished-at="2021-06-02T12:36:13 IST" duration-ms="173" status="PASS">
          <reporter-output>
          </reporter-output>
        </test-method> <!-- before -->
        <test-method signature="testcase1()[pri:0, instance:com.excel.compare.ComparExcel@5403f35f]" started-at="2021-06-02T12:36:13 IST" name="testcase1" finished-at="2021-06-02T12:36:55 IST" duration-ms="42578" status="PASS">
          <reporter-output>
          </reporter-output>
        </test-method> <!-- testcase1 -->
        <test-method signature="testcase2()[pri:0, instance:com.excel.compare.ComparExcel@5403f35f]" started-at="2021-06-02T12:36:55 IST" name="testcase2" finished-at="2021-06-02T12:37:26 IST" duration-ms="30417" status="PASS">
          <reporter-output>
          </reporter-output>
        </test-method> <!-- testcase2 -->
        <test-method signature="testcase3()[pri:0, instance:com.excel.compare.ComparExcel@5403f35f]" started-at="2021-06-02T12:37:26 IST" name="testcase3" finished-at="2021-06-02T12:38:16 IST" duration-ms="50763" status="PASS">
          <reporter-output>
          </reporter-output>
        </test-method> <!-- testcase3 -->
        <test-method is-config="true" signature="end()[pri:0, instance:com.excel.compare.ComparExcel@5403f35f]" started-at="2021-06-02T12:38:16 IST" name="end" finished-at="2021-06-02T12:38:16 IST" duration-ms="3" status="PASS">
          <reporter-output>
          </reporter-output>
        </test-method> <!-- end -->
      </class> <!-- com.excel.compare.ComparExcel -->
    </test> <!-- Test -->
  </suite> <!-- Suite -->
</testng-results>
