<?xml version="1.0" encoding="UTF-8"?>
<!-- Generated by org.testng.reporters.JUnitXMLReporter -->
<testsuite ignored="0" hostname="DESKTOP-1Q3HBC8" failures="0" tests="3" name="Default test" time="117.391" errors="0" timestamp="2021-06-01T21:26:28 IST">
  <testcase classname="com.excel.compare.ComparExcel" name="testcase1" time="36.27"/>
  <testcase classname="com.excel.compare.ComparExcel" name="testcase2" time="28.926"/>
  <testcase classname="com.excel.compare.ComparExcel" name="testcase3" time="51.992"/>
</testsuite> <!-- Default test -->
