<?xml version="1.0" encoding="UTF-8"?>
<!-- Generated by org.testng.reporters.JUnitXMLReporter -->
<testsuite ignored="0" hostname="DESKTOP-1Q3HBC8" failures="0" tests="3" name="Test" time="124.005" errors="0" timestamp="2021-06-02T12:38:17 IST">
  <testcase classname="com.excel.compare.ComparExcel" name="testcase1" time="42.578"/>
  <testcase classname="com.excel.compare.ComparExcel" name="testcase2" time="30.417"/>
  <testcase classname="com.excel.compare.ComparExcel" name="testcase3" time="50.763"/>
</testsuite> <!-- Test -->
